Reading netlist file: "/home/muheet/Frame-Buffer/Frame-Buffer/impl/gwsynthesis/Frame-Buffer.vg"
Parsing netlist file "/home/muheet/Frame-Buffer/Frame-Buffer/impl/gwsynthesis/Frame-Buffer.vg" completed
Processing netlist completed
Reading constraint file: "/home/muheet/Frame-Buffer/constraint/VGA_Display.cst"
Physical Constraint parsed completed
Running placement......
[10%] Placement Phase 0 completed
[20%] Placement Phase 1 completed
[30%] Placement Phase 2 completed
[50%] Placement Phase 3 completed
Running routing......
[60%] Routing Phase 0 completed
[70%] Routing Phase 1 completed
[80%] Routing Phase 2 completed
[90%] Routing Phase 3 completed
Running timing analysis......
[95%] Timing analysis completed
Placement and routing completed
Bitstream generation in progress......
Bitstream generation completed
Running power analysis......
[100%] Power analysis completed
Generate file "/home/muheet/Frame-Buffer/Frame-Buffer/impl/pnr/Frame-Buffer.power.html" completed
Generate file "/home/muheet/Frame-Buffer/Frame-Buffer/impl/pnr/Frame-Buffer.pin.html" completed
Generate file "/home/muheet/Frame-Buffer/Frame-Buffer/impl/pnr/Frame-Buffer.rpt.html" completed
Generate file "/home/muheet/Frame-Buffer/Frame-Buffer/impl/pnr/Frame-Buffer.rpt.txt" completed
Generate file "/home/muheet/Frame-Buffer/Frame-Buffer/impl/pnr/Frame-Buffer.tr.html" completed
Sun Oct 20 23:04:47 2024

